wechat_assistant/app/build/intermediates/manifest_merge_blame_file/debug/manifest-merger-blame-debug-report.txt
1<?xml version="1.0" encoding="utf-8"?>
2<manifest xmlns:android="http://schemas.android.com/apk/res/android"
3    package="com.wechatassistant"
4    android:versionCode="1"
5    android:versionName="1.0.0" >
6
7    <uses-sdk
8        android:minSdkVersion="24"
9        android:targetSdkVersion="33" />
10
11    <uses-permission android:name="android.permission.INTERNET" />
11-->src/main/AndroidManifest.xml:4:5-67
11-->src/main/AndroidManifest.xml:4:22-64
12    <uses-permission android:name="android.permission.CAMERA" />
12-->src/main/AndroidManifest.xml:5:5-65
12-->src/main/AndroidManifest.xml:5:22-62
13    <uses-permission android:name="android.permission.RECORD_AUDIO" />
13-->src/main/AndroidManifest.xml:6:5-71
13-->src/main/AndroidManifest.xml:6:22-68
14    <uses-permission android:name="android.permission.MODIFY_AUDIO_SETTINGS" />
14-->src/main/AndroidManifest.xml:7:5-80
14-->src/main/AndroidManifest.xml:7:22-77
15    <uses-permission android:name="android.permission.SYSTEM_ALERT_WINDOW" />
15-->src/main/AndroidManifest.xml:8:5-78
15-->src/main/AndroidManifest.xml:8:22-75
16    <uses-permission android:name="android.permission.VIBRATE" />
16-->src/main/AndroidManifest.xml:9:5-66
16-->src/main/AndroidManifest.xml:9:22-63
17    <uses-permission android:name="android.permission.FOREGROUND_SERVICE" />
17-->src/main/AndroidManifest.xml:10:5-77
17-->src/main/AndroidManifest.xml:10:22-74
18    <uses-permission android:name="android.permission.POST_NOTIFICATIONS" />
18-->src/main/AndroidManifest.xml:11:5-77
18-->src/main/AndroidManifest.xml:11:22-74
19    <uses-permission android:name="android.permission.WAKE_LOCK" />
19-->src/main/AndroidManifest.xml:12:5-68
19-->src/main/AndroidManifest.xml:12:22-65
20
21    <permission
21-->[androidx.core:core:1.10.1] AndroidManifest.xml:22:5-24:47
22        android:name="com.wechatassistant.DYNAMIC_RECEIVER_NOT_EXPORTED_PERMISSION"
22-->[androidx.core:core:1.10.1] AndroidManifest.xml:23:9-81
23        android:protectionLevel="signature" />
23-->[androidx.core:core:1.10.1] AndroidManifest.xml:24:9-44
24
25    <uses-permission android:name="com.wechatassistant.DYNAMIC_RECEIVER_NOT_EXPORTED_PERMISSION" />
25-->[androidx.core:core:1.10.1] AndroidManifest.xml:26:5-97
25-->[androidx.core:core:1.10.1] AndroidManifest.xml:26:22-94
26
27    <application
27-->src/main/AndroidManifest.xml:14:5-52:19
28        android:allowBackup="true"
28-->src/main/AndroidManifest.xml:15:9-35
29        android:appComponentFactory="androidx.core.app.CoreComponentFactory"
29-->[androidx.core:core:1.10.1] AndroidManifest.xml:28:18-86
30        android:debuggable="true"
31        android:extractNativeLibs="false"
32        android:icon="@mipmap/ic_launcher"
32-->src/main/AndroidManifest.xml:16:9-43
33        android:label="@string/app_name"
33-->src/main/AndroidManifest.xml:17:9-41
34        android:theme="@style/Theme.WeChatAssistant"
34-->src/main/AndroidManifest.xml:18:9-53
35        android:usesCleartextTraffic="true" >
35-->src/main/AndroidManifest.xml:19:9-44
36        <activity
36-->src/main/AndroidManifest.xml:21:9-28:20
37            android:name="com.wechatassistant.MainActivity"
37-->src/main/AndroidManifest.xml:22:13-41
38            android:exported="true" >
38-->src/main/AndroidManifest.xml:23:13-36
39            <intent-filter>
39-->src/main/AndroidManifest.xml:24:13-27:29
40                <action android:name="android.intent.action.MAIN" />
40-->src/main/AndroidManifest.xml:25:17-69
40-->src/main/AndroidManifest.xml:25:25-66
41
42                <category android:name="android.intent.category.LAUNCHER" />
42-->src/main/AndroidManifest.xml:26:17-77
42-->src/main/AndroidManifest.xml:26:27-74
43            </intent-filter>
44        </activity>
45
46        <!--
47        VideoCall功能暂时禁用，需要Firebase配置
48        <activity
49            android:name=".ui.VideoCallActivity"
50            android:configChanges="orientation|keyboardHidden|screenSize" />
51        -->
52
53        <service
53-->src/main/AndroidManifest.xml:36:9-46:19
54            android:name="com.wechatassistant.service.WeChatAccessibilityService"
54-->src/main/AndroidManifest.xml:37:13-63
55            android:exported="true"
55-->src/main/AndroidManifest.xml:38:13-36
56            android:permission="android.permission.BIND_ACCESSIBILITY_SERVICE" >
56-->src/main/AndroidManifest.xml:39:13-79
57            <intent-filter>
57-->src/main/AndroidManifest.xml:40:13-42:29
58                <action android:name="android.accessibilityservice.AccessibilityService" />
58-->src/main/AndroidManifest.xml:41:17-92
58-->src/main/AndroidManifest.xml:41:25-89
59            </intent-filter>
60
61            <meta-data
61-->src/main/AndroidManifest.xml:43:13-45:72
62                android:name="android.accessibilityservice"
62-->src/main/AndroidManifest.xml:44:17-60
63                android:resource="@xml/accessibility_service_config" />
63-->src/main/AndroidManifest.xml:45:17-69
64        </service>
65        <service
65-->src/main/AndroidManifest.xml:48:9-50:40
66            android:name="com.wechatassistant.service.FloatingBallService"
66-->src/main/AndroidManifest.xml:49:13-56
67            android:exported="false" />
67-->src/main/AndroidManifest.xml:50:13-37
68
69        <provider
69-->[androidx.emoji2:emoji2:1.2.0] AndroidManifest.xml:24:9-32:20
70            android:name="androidx.startup.InitializationProvider"
70-->[androidx.emoji2:emoji2:1.2.0] AndroidManifest.xml:25:13-67
71            android:authorities="com.wechatassistant.androidx-startup"
71-->[androidx.emoji2:emoji2:1.2.0] AndroidManifest.xml:26:13-68
72            android:exported="false" >
72-->[androidx.emoji2:emoji2:1.2.0] AndroidManifest.xml:27:13-37
73            <meta-data
73-->[androidx.emoji2:emoji2:1.2.0] AndroidManifest.xml:29:13-31:52
74                android:name="androidx.emoji2.text.EmojiCompatInitializer"
74-->[androidx.emoji2:emoji2:1.2.0] AndroidManifest.xml:30:17-75
75                android:value="androidx.startup" />
75-->[androidx.emoji2:emoji2:1.2.0] AndroidManifest.xml:31:17-49
76            <meta-data
76-->[androidx.lifecycle:lifecycle-process:2.4.1] AndroidManifest.xml:31:13-33:52
77                android:name="androidx.lifecycle.ProcessLifecycleInitializer"
77-->[androidx.lifecycle:lifecycle-process:2.4.1] AndroidManifest.xml:32:17-78
78                android:value="androidx.startup" />
78-->[androidx.lifecycle:lifecycle-process:2.4.1] AndroidManifest.xml:33:17-49
79        </provider>
80    </application>
81
82</manifest>